# JRE version: Java(TM) SE Runtime Environment (8.0_181-b13) (build 1.8.0_181-b13)
# Java VM: Java HotSpot(TM) 64-Bit Server VM (25.181-b13 mixed mode windows-amd64 compressed oops)
Heap:
 PSYoungGen      total 546304K, used 93798K [0x00000000d5e00000, 0x00000000f9080000, 0x0000000100000000)
  eden space 533504K, 17% used [0x00000000d5e00000,0x00000000db81df90,0x00000000f6700000)
  from space 12800K, 11% used [0x00000000f7380000,0x00000000f74fb888,0x00000000f8000000)
  to   space 12800K, 0% used [0x00000000f6700000,0x00000000f6700000,0x00000000f7380000)
 ParOldGen       total 116736K, used 116581K [0x0000000081a00000, 0x0000000088c00000, 0x00000000d5e00000)
  object space 116736K, 99% used [0x0000000081a00000,0x0000000088bd97a0,0x0000000088c00000)
 Metaspace       used 43918K, capacity 45952K, committed 46208K, reserved 1093632K
  class space    used 5675K, capacity 6664K, committed 6784K, reserved 1048576K
GC Heap History (10 events):
Event: 10.884 GC heap after
Heap after GC invocations=15 (full 2):
 PSYoungGen      total 398336K, used 4893K [0x00000000d5e00000, 0x00000000f8000000, 0x0000000100000000)
  eden space 385024K, 0% used [0x00000000d5e00000,0x00000000d5e00000,0x00000000ed600000)
  from space 13312K, 36% used [0x00000000ed600000,0x00000000edac7580,0x00000000ee300000)
  to   space 12800K, 0% used [0x00000000f7380000,0x00000000f7380000,0x00000000f8000000)
 ParOldGen       total 70144K, used 27398K [0x0000000081a00000, 0x0000000085e80000, 0x00000000d5e00000)
  object space 70144K, 39% used [0x0000000081a00000,0x00000000834c1b68,0x0000000085e80000)
 Metaspace       used 35768K, capacity 37744K, committed 38016K, reserved 1081344K
  class space    used 4511K, capacity 5460K, committed 5504K, reserved 1048576K
}
Event: 10.982 GC heap before
{Heap before GC invocations=16 (full 2):
 PSYoungGen      total 398336K, used 389917K [0x00000000d5e00000, 0x00000000f8000000, 0x0000000100000000)
  eden space 385024K, 100% used [0x00000000d5e00000,0x00000000ed600000,0x00000000ed600000)
  from space 13312K, 36% used [0x00000000ed600000,0x00000000edac7580,0x00000000ee300000)
  to   space 12800K, 0% used [0x00000000f7380000,0x00000000f7380000,0x00000000f8000000)
 ParOldGen       total 70144K, used 27398K [0x0000000081a00000, 0x0000000085e80000, 0x00000000d5e00000)
  object space 70144K, 39% used [0x0000000081a00000,0x00000000834c1b68,0x0000000085e80000)
 Metaspace       used 35777K, capacity 37744K, committed 38016K, reserved 1081344K
  class space    used 4511K, capacity 5460K, committed 5504K, reserved 1048576K
Event: 10.990 GC heap after
Heap after GC invocations=16 (full 2):
 PSYoungGen      total 546304K, used 832K [0x00000000d5e00000, 0x00000000f9080000, 0x0000000100000000)
  eden space 533504K, 0% used [0x00000000d5e00000,0x00000000d5e00000,0x00000000f6700000)
  from space 12800K, 6% used [0x00000000f7380000,0x00000000f7450000,0x00000000f8000000)
  to   space 12800K, 0% used [0x00000000f6700000,0x00000000f6700000,0x00000000f7380000)
 ParOldGen       total 70144K, used 30835K [0x0000000081a00000, 0x0000000085e80000, 0x00000000d5e00000)
  object space 70144K, 43% used [0x0000000081a00000,0x000000008381ccf8,0x0000000085e80000)
 Metaspace       used 35777K, capacity 37744K, committed 38016K, reserved 1081344K
  class space    used 4511K, capacity 5460K, committed 5504K, reserved 1048576K
}
Event: 11.078 GC heap before
{Heap before GC invocations=17 (full 2):
 PSYoungGen      total 546304K, used 534336K [0x00000000d5e00000, 0x00000000f9080000, 0x0000000100000000)
  eden space 533504K, 100% used [0x00000000d5e00000,0x00000000f6700000,0x00000000f6700000)
  from space 12800K, 6% used [0x00000000f7380000,0x00000000f7450000,0x00000000f8000000)
  to   space 12800K, 0% used [0x00000000f6700000,0x00000000f6700000,0x00000000f7380000)
 ParOldGen       total 70144K, used 30835K [0x0000000081a00000, 0x0000000085e80000, 0x00000000d5e00000)
  object space 70144K, 43% used [0x0000000081a00000,0x000000008381ccf8,0x0000000085e80000)
 Metaspace       used 35788K, capacity 37808K, committed 38016K, reserved 1081344K
  class space    used 4511K, capacity 5460K, committed 5504K, reserved 1048576K
Event: 11.082 GC heap after
Heap after GC invocations=17 (full 2):
 PSYoungGen      total 546304K, used 736K [0x00000000d5e00000, 0x00000000f9080000, 0x0000000100000000)
  eden space 533504K, 0% used [0x00000000d5e00000,0x00000000d5e00000,0x00000000f6700000)
  from space 12800K, 5% used [0x00000000f6700000,0x00000000f67b8000,0x00000000f7380000)
  to   space 12800K, 0% used [0x00000000f7380000,0x00000000f7380000,0x00000000f8000000)
 ParOldGen       total 70144K, used 30843K [0x0000000081a00000, 0x0000000085e80000, 0x00000000d5e00000)
  object space 70144K, 43% used [0x0000000081a00000,0x000000008381ecf8,0x0000000085e80000)
 Metaspace       used 35788K, capacity 37808K, committed 38016K, reserved 1081344K
  class space    used 4511K, capacity 5460K, committed 5504K, reserved 1048576K
}
Event: 15.542 GC heap before
{Heap before GC invocations=18 (full 2):
 PSYoungGen      total 546304K, used 534240K [0x00000000d5e00000, 0x00000000f9080000, 0x0000000100000000)
  eden space 533504K, 100% used [0x00000000d5e00000,0x00000000f6700000,0x00000000f6700000)
  from space 12800K, 5% used [0x00000000f6700000,0x00000000f67b8000,0x00000000f7380000)
  to   space 12800K, 0% used [0x00000000f7380000,0x00000000f7380000,0x00000000f8000000)
 ParOldGen       total 70144K, used 30843K [0x0000000081a00000, 0x0000000085e80000, 0x00000000d5e00000)
  object space 70144K, 43% used [0x0000000081a00000,0x000000008381ecf8,0x0000000085e80000)
 Metaspace       used 43762K, capacity 45856K, committed 46080K, reserved 1089536K
  class space    used 5659K, capacity 6632K, committed 6656K, reserved 1048576K
Event: 15.648 GC heap after
Heap after GC invocations=18 (full 2):
 PSYoungGen      total 546304K, used 12798K [0x00000000d5e00000, 0x00000000f9080000, 0x0000000100000000)
  eden space 533504K, 0% used [0x00000000d5e00000,0x00000000d5e00000,0x00000000f6700000)
  from space 12800K, 99% used [0x00000000f7380000,0x00000000f7fff890,0x00000000f8000000)
  to   space 12800K, 0% used [0x00000000f6700000,0x00000000f6700000,0x00000000f7380000)
 ParOldGen       total 116736K, used 114941K [0x0000000081a00000, 0x0000000088c00000, 0x00000000d5e00000)
  object space 116736K, 98% used [0x0000000081a00000,0x0000000088a3f598,0x0000000088c00000)
 Metaspace       used 43762K, capacity 45856K, committed 46080K, reserved 1089536K
  class space    used 5659K, capacity 6632K, committed 6656K, reserved 1048576K
}
Event: 15.648 GC heap before
{Heap before GC invocations=19 (full 3):
 PSYoungGen      total 546304K, used 12798K [0x00000000d5e00000, 0x00000000f9080000, 0x0000000100000000)
  eden space 533504K, 0% used [0x00000000d5e00000,0x00000000d5e00000,0x00000000f6700000)
  from space 12800K, 99% used [0x00000000f7380000,0x00000000f7fff890,0x00000000f8000000)
  to   space 12800K, 0% used [0x00000000f6700000,0x00000000f6700000,0x00000000f7380000)
 ParOldGen       total 116736K, used 114941K [0x0000000081a00000, 0x0000000088c00000, 0x00000000d5e00000)
  object space 116736K, 98% used [0x0000000081a00000,0x0000000088a3f598,0x0000000088c00000)
 Metaspace       used 43762K, capacity 45856K, committed 46080K, reserved 1089536K
  class space    used 5659K, capacity 6632K, committed 6656K, reserved 1048576K
Event: 16.252 GC heap after
Heap after GC invocations=19 (full 3):
 PSYoungGen      total 546304K, used 1518K [0x00000000d5e00000, 0x00000000f9080000, 0x0000000100000000)
  eden space 533504K, 0% used [0x00000000d5e00000,0x00000000d5e00000,0x00000000f6700000)
  from space 12800K, 11% used [0x00000000f7380000,0x00000000f74fb888,0x00000000f8000000)
  to   space 12800K, 0% used [0x00000000f6700000,0x00000000f6700000,0x00000000f7380000)
 ParOldGen       total 116736K, used 116581K [0x0000000081a00000, 0x0000000088c00000, 0x00000000d5e00000)
  object space 116736K, 99% used [0x0000000081a00000,0x0000000088bd97a0,0x0000000088c00000)
 Metaspace       used 43762K, capacity 45856K, committed 46080K, reserved 1089536K
  class space    used 5659K, capacity 6632K, committed 6656K, reserved 1048576K
}
Event: 16.572 GC heap before
{Heap before GC invocations=20 (full 4):
 PSYoungGen      total 546304K, used 93798K [0x00000000d5e00000, 0x00000000f9080000, 0x0000000100000000)
  eden space 533504K, 17% used [0x00000000d5e00000,0x00000000db81df90,0x00000000f6700000)
  from space 12800K, 11% used [0x00000000f7380000,0x00000000f74fb888,0x00000000f8000000)
  to   space 12800K, 0% used [0x00000000f6700000,0x00000000f6700000,0x00000000f7380000)
 ParOldGen       total 116736K, used 116581K [0x0000000081a00000, 0x0000000088c00000, 0x00000000d5e00000)
  object space 116736K, 99% used [0x0000000081a00000,0x0000000088bd97a0,0x0000000088c00000)
 Metaspace       used 43918K, capacity 45952K, committed 46208K, reserved 1093632K
  class space    used 5675K, capacity 6664K, committed 6784K, reserved 1048576K

